<?xml version="1.0" encoding="UTF-8"?>
<robot generator="Robot 3.2.1 (Python 3.7.9 on win32)" generated="20210603 19:49:12.457" rpa="false">
<suite id="s1" name="RobotProjet1" source="F:\Workspaces\Eclipse workspace\RobotProjet1">
<suite id="s1-s1" name="Tests" source="F:\Workspaces\Eclipse workspace\RobotProjet1\Tests">
<suite id="s1-s1-s1" name="TestSuite1" source="F:\Workspaces\Eclipse workspace\RobotProjet1\Tests\TestSuite1.robot">
<kw name="Log" library="BuiltIn" type="setup">
<doc>Logs the given message with the given level.</doc>
<arguments>
<arg>I am inside Test Suite Setup</arg>
</arguments>
<msg timestamp="20210603 19:49:14.159" level="INFO">I am inside Test Suite Setup</msg>
<status status="PASS" starttime="20210603 19:49:14.158" endtime="20210603 19:49:14.160"></status>
</kw>
<test id="s1-s1-s1-t1" name="FirstTest">
<kw name="Log" library="BuiltIn" type="setup">
<doc>Logs the given message with the given level.</doc>
<arguments>
<arg>I am inside Test Setup</arg>
</arguments>
<msg timestamp="20210603 19:49:14.163" level="INFO">I am inside Test Setup</msg>
<status status="PASS" starttime="20210603 19:49:14.163" endtime="20210603 19:49:14.163"></status>
</kw>
<kw name="Log" library="BuiltIn">
<doc>Logs the given message with the given level.</doc>
<arguments>
<arg>First Test</arg>
</arguments>
<msg timestamp="20210603 19:49:14.164" level="INFO">First Test</msg>
<status status="PASS" starttime="20210603 19:49:14.164" endtime="20210603 19:49:14.164"></status>
</kw>
<kw name="Log" library="BuiltIn" type="teardown">
<doc>Logs the given message with the given level.</doc>
<arguments>
<arg>I am inside Test Teardown</arg>
</arguments>
<msg timestamp="20210603 19:49:14.165" level="INFO">I am inside Test Teardown</msg>
<status status="PASS" starttime="20210603 19:49:14.165" endtime="20210603 19:49:14.166"></status>
</kw>
<tags>
<tag>smoke</tag>
</tags>
<status status="PASS" starttime="20210603 19:49:14.160" endtime="20210603 19:49:14.166" critical="yes"></status>
</test>
<test id="s1-s1-s1-t2" name="SecondTest">
<kw name="Log" library="BuiltIn" type="setup">
<doc>Logs the given message with the given level.</doc>
<arguments>
<arg>I am inside Test Setup</arg>
</arguments>
<msg timestamp="20210603 19:49:14.168" level="INFO">I am inside Test Setup</msg>
<status status="PASS" starttime="20210603 19:49:14.168" endtime="20210603 19:49:14.169"></status>
</kw>
<kw name="Log" library="BuiltIn">
<doc>Logs the given message with the given level.</doc>
<arguments>
<arg>Second Test</arg>
</arguments>
<msg timestamp="20210603 19:49:14.171" level="INFO">Second Test</msg>
<status status="PASS" starttime="20210603 19:49:14.169" endtime="20210603 19:49:14.172"></status>
</kw>
<kw name="Set Tags" library="BuiltIn">
<doc>Adds given ``tags`` for the current test or all tests in a suite.</doc>
<arguments>
<arg>Regression1</arg>
</arguments>
<msg timestamp="20210603 19:49:14.174" level="INFO">Set tag 'Regression1'.</msg>
<status status="PASS" starttime="20210603 19:49:14.173" endtime="20210603 19:49:14.175"></status>
</kw>
<kw name="Remove Tags" library="BuiltIn">
<doc>Removes given ``tags`` from the current test or all tests in a suite.</doc>
<arguments>
<arg>Regression1</arg>
</arguments>
<msg timestamp="20210603 19:49:14.176" level="INFO">Removed tag 'Regression1'.</msg>
<status status="PASS" starttime="20210603 19:49:14.175" endtime="20210603 19:49:14.177"></status>
</kw>
<kw name="Log" library="BuiltIn" type="teardown">
<doc>Logs the given message with the given level.</doc>
<arguments>
<arg>I am inside Test Teardown</arg>
</arguments>
<msg timestamp="20210603 19:49:14.178" level="INFO">I am inside Test Teardown</msg>
<status status="PASS" starttime="20210603 19:49:14.177" endtime="20210603 19:49:14.178"></status>
</kw>
<tags>
<tag>sanity</tag>
</tags>
<status status="PASS" starttime="20210603 19:49:14.167" endtime="20210603 19:49:14.179" critical="yes"></status>
</test>
<test id="s1-s1-s1-t3" name="ThirdTest">
<kw name="Log" library="BuiltIn" type="setup">
<doc>Logs the given message with the given level.</doc>
<arguments>
<arg>I am inside Test Setup</arg>
</arguments>
<msg timestamp="20210603 19:49:14.182" level="INFO">I am inside Test Setup</msg>
<status status="PASS" starttime="20210603 19:49:14.182" endtime="20210603 19:49:14.182"></status>
</kw>
<kw name="Log" library="BuiltIn">
<doc>Logs the given message with the given level.</doc>
<arguments>
<arg>Third Test</arg>
</arguments>
<msg timestamp="20210603 19:49:14.183" level="INFO">Third Test</msg>
<status status="PASS" starttime="20210603 19:49:14.183" endtime="20210603 19:49:14.184"></status>
</kw>
<kw name="Log" library="BuiltIn" type="teardown">
<doc>Logs the given message with the given level.</doc>
<arguments>
<arg>I am inside Test Teardown</arg>
</arguments>
<msg timestamp="20210603 19:49:14.185" level="INFO">I am inside Test Teardown</msg>
<status status="PASS" starttime="20210603 19:49:14.184" endtime="20210603 19:49:14.185"></status>
</kw>
<tags>
<tag>sanity</tag>
</tags>
<status status="PASS" starttime="20210603 19:49:14.180" endtime="20210603 19:49:14.185" critical="yes"></status>
</test>
<kw name="Log" library="BuiltIn" type="teardown">
<doc>Logs the given message with the given level.</doc>
<arguments>
<arg>I am inside Test Suite Teardown</arg>
</arguments>
<msg timestamp="20210603 19:49:14.191" level="INFO">I am inside Test Suite Teardown</msg>
<status status="PASS" starttime="20210603 19:49:14.189" endtime="20210603 19:49:14.192"></status>
</kw>
<status status="PASS" starttime="20210603 19:49:12.826" endtime="20210603 19:49:14.193"></status>
</suite>
<status status="PASS" starttime="20210603 19:49:12.808" endtime="20210603 19:49:14.197"></status>
</suite>
<status status="PASS" starttime="20210603 19:49:12.666" endtime="20210603 19:49:14.200"></status>
</suite>
<statistics>
<total>
<stat pass="3" fail="0">Critical Tests</stat>
<stat pass="3" fail="0">All Tests</stat>
</total>
<tag>
<stat pass="2" fail="0">sanity</stat>
<stat pass="1" fail="0">smoke</stat>
</tag>
<suite>
<stat pass="3" fail="0" id="s1" name="RobotProjet1">RobotProjet1</stat>
<stat pass="3" fail="0" id="s1-s1" name="Tests">RobotProjet1.Tests</stat>
<stat pass="3" fail="0" id="s1-s1-s1" name="TestSuite1">RobotProjet1.Tests.TestSuite1</stat>
</suite>
</statistics>
<errors>
</errors>
</robot>
